<?xml version="1.0" encoding="UTF-8"?>
<testng-results ignored="0" total="1" passed="0" failed="1" skipped="0">
  <reporter-output>
    <line>
      <![CDATA[<br><img src='C:\Users\hp\Desktop\Automation\Screenshots\img1606966206021_01.png' height='300' width='300'/><br>]]>
    </line>
    <line>
      <![CDATA[<br><img src='C:\Users\hp\Desktop\Automation\Screenshots\img1606966215151_01.png' height='300' width='300'/><br>]]>
    </line>
    <line>
      <![CDATA[<br><img src='C:\Users\hp\Desktop\Automation\Screenshots\img1606966218062_01.png' height='300' width='300'/><br>]]>
    </line>
    <line>
      <![CDATA[<br><img src='C:\Users\hp\Desktop\Automation\Screenshots\img1606966218893_01.png' height='300' width='300'/><br>]]>
    </line>
  </reporter-output>
  <suite started-at="2020-12-03T08:59:53 IST" name="Default suite" finished-at="2020-12-03T09:00:45 IST" duration-ms="51667">
    <groups>
      <group name="cucumber">
        <method signature="AbstractTestNGCucumberTests.feature(cucumber.api.testng.CucumberFeatureWrapper)[pri:0, instance:runner.TestRunner1@63021689]" name="feature" class="cucumber.api.testng.AbstractTestNGCucumberTests"/>
      </group> <!-- cucumber -->
    </groups>
    <test started-at="2020-12-03T08:59:53 IST" name="Default test" finished-at="2020-12-03T09:00:45 IST" duration-ms="51667">
      <class name="runner.TestRunner1">
        <test-method is-config="true" signature="setUpClass()[pri:0, instance:runner.TestRunner1@63021689]" started-at="2020-12-03T08:59:53 IST" name="setUpClass" finished-at="2020-12-03T08:59:54 IST" duration-ms="237" status="PASS">
          <reporter-output>
          </reporter-output>
        </test-method> <!-- setUpClass -->
        <test-method signature="feature(cucumber.api.testng.CucumberFeatureWrapper)[pri:0, instance:runner.TestRunner1@63021689]" started-at="2020-12-03T08:59:54 IST" name="feature" description="Runs Cucumber Feature" data-provider="features" finished-at="2020-12-03T09:00:45 IST" duration-ms="50930" status="FAIL">
          <params>
            <param index="0">
              <value>
                <![CDATA[Other options in Open Table]]>
              </value>
            </param>
          </params>
          <exception class="cucumber.runtime.CucumberException">
            <message>
              <![CDATA[java.lang.AssertionError: expected [Hotel Parking] but found [Dress code
Casual Dress]]]>
            </message>
            <full-stacktrace>
              <![CDATA[cucumber.runtime.CucumberException: java.lang.AssertionError: expected [Hotel Parking] but found [Dress code
Casual Dress]
at cucumber.api.testng.TestNGCucumberRunner.runCucumber(TestNGCucumberRunner.java:69)
at cucumber.api.testng.AbstractTestNGCucumberTests.feature(AbstractTestNGCucumberTests.java:21)
at java.base/jdk.internal.reflect.NativeMethodAccessorImpl.invoke0(Native Method)
at java.base/jdk.internal.reflect.NativeMethodAccessorImpl.invoke(NativeMethodAccessorImpl.java:64)
at java.base/jdk.internal.reflect.DelegatingMethodAccessorImpl.invoke(DelegatingMethodAccessorImpl.java:43)
at java.base/java.lang.reflect.Method.invoke(Method.java:564)
at org.testng.internal.MethodInvocationHelper.invokeMethod(MethodInvocationHelper.java:132)
at org.testng.internal.TestInvoker.invokeMethod(TestInvoker.java:599)
at org.testng.internal.TestInvoker.invokeTestMethod(TestInvoker.java:174)
at org.testng.internal.MethodRunner.runInSequence(MethodRunner.java:46)
at org.testng.internal.TestInvoker$MethodInvocationAgent.invoke(TestInvoker.java:822)
at org.testng.internal.TestInvoker.invokeTestMethods(TestInvoker.java:147)
at org.testng.internal.TestMethodWorker.invokeTestMethods(TestMethodWorker.java:146)
at org.testng.internal.TestMethodWorker.run(TestMethodWorker.java:128)
at java.base/java.util.ArrayList.forEach(ArrayList.java:1511)
at org.testng.TestRunner.privateRun(TestRunner.java:764)
at org.testng.TestRunner.run(TestRunner.java:585)
at org.testng.SuiteRunner.runTest(SuiteRunner.java:384)
at org.testng.SuiteRunner.runSequentially(SuiteRunner.java:378)
at org.testng.SuiteRunner.privateRun(SuiteRunner.java:337)
at org.testng.SuiteRunner.run(SuiteRunner.java:286)
at org.testng.SuiteRunnerWorker.runSuite(SuiteRunnerWorker.java:53)
at org.testng.SuiteRunnerWorker.run(SuiteRunnerWorker.java:96)
at org.testng.TestNG.runSuitesSequentially(TestNG.java:1218)
at org.testng.TestNG.runSuitesLocally(TestNG.java:1140)
at org.testng.TestNG.runSuites(TestNG.java:1069)
at org.testng.TestNG.run(TestNG.java:1037)
at org.testng.remote.AbstractRemoteTestNG.run(AbstractRemoteTestNG.java:115)
at org.testng.remote.RemoteTestNG.initAndRun(RemoteTestNG.java:251)
at org.testng.remote.RemoteTestNG.main(RemoteTestNG.java:77)
Caused by: java.lang.AssertionError: expected [Hotel Parking] but found [Dress code
Casual Dress]
at org.testng.Assert.fail(Assert.java:99)
at org.testng.Assert.failNotEquals(Assert.java:1037)
at org.testng.Assert.assertEqualsImpl(Assert.java:140)
at org.testng.Assert.assertEquals(Assert.java:122)
at org.testng.Assert.assertEquals(Assert.java:629)
at org.testng.Assert.assertEquals(Assert.java:639)
at pageObjects.RestaurantDetails.getParking(RestaurantDetails.java:62)
at stepOpentable.StepDefinitionOpen.parking_details_should_be_displayed(StepDefinitionOpen.java:147)
at âœ½.And parking details should be displayed(features/Tablebook.feature:12)
]]>
            </full-stacktrace>
          </exception> <!-- cucumber.runtime.CucumberException -->
          <reporter-output>
            <line>
              <![CDATA[<br><img src='C:\Users\hp\Desktop\Automation\Screenshots\img1606966206021_01.png' height='300' width='300'/><br>]]>
            </line>
            <line>
              <![CDATA[<br><img src='C:\Users\hp\Desktop\Automation\Screenshots\img1606966215151_01.png' height='300' width='300'/><br>]]>
            </line>
            <line>
              <![CDATA[<br><img src='C:\Users\hp\Desktop\Automation\Screenshots\img1606966218062_01.png' height='300' width='300'/><br>]]>
            </line>
            <line>
              <![CDATA[<br><img src='C:\Users\hp\Desktop\Automation\Screenshots\img1606966218893_01.png' height='300' width='300'/><br>]]>
            </line>
          </reporter-output>
        </test-method> <!-- feature -->
        <test-method is-config="true" signature="writeExtentReport()[pri:0, instance:runner.TestRunner1@63021689]" started-at="2020-12-03T09:00:45 IST" name="writeExtentReport" finished-at="2020-12-03T09:00:45 IST" duration-ms="17" status="PASS">
          <reporter-output>
          </reporter-output>
        </test-method> <!-- writeExtentReport -->
        <test-method is-config="true" signature="tearDownClass()[pri:0, instance:runner.TestRunner1@63021689]" started-at="2020-12-03T09:00:45 IST" name="tearDownClass" finished-at="2020-12-03T09:00:45 IST" duration-ms="365" status="PASS">
          <reporter-output>
          </reporter-output>
        </test-method> <!-- tearDownClass -->
      </class> <!-- runner.TestRunner1 -->
    </test> <!-- Default test -->
  </suite> <!-- Default suite -->
</testng-results>
